05:56 - Path: /connection/sign-up, Status Code: 401, Message: User already registered
06:59 - Path: /posts, Status Code: 404, Message: Page not found.
06:59 - Path: /posts, Status Code: 404, Message: Page not found.
07:00 - Path: /posts, Status Code: 404, Message: Page not found.
07:00 - Path: /posts, Status Code: 404, Message: Page not found.
07:01 - Path: /posts, Status Code: 404, Message: Page not found.
07:01 - Path: /posts, Status Code: 404, Message: Page not found.
07:01 - Path: /posts, Status Code: 404, Message: Page not found.
07:01 - Path: /posts, Status Code: 404, Message: Page not found.
07:01 - Path: /posts, Status Code: 404, Message: Page not found.
07:01 - Path: /posts, Status Code: 404, Message: Page not found.
07:01 - Path: /posts, Status Code: 404, Message: Page not found.
07:01 - Path: /posts, Status Code: 404, Message: Page not found.
07:01 - Path: /posts, Status Code: 404, Message: Page not found.
07:01 - Path: /posts, Status Code: 404, Message: Page not found.
07:01 - Path: /posts, Status Code: 404, Message: Page not found.
07:01 - Path: /posts, Status Code: 404, Message: Page not found.
07:01 - Path: /posts, Status Code: 404, Message: Page not found.
07:01 - Path: /posts, Status Code: 404, Message: Page not found.
07:01 - Path: /posts, Status Code: 404, Message: Page not found.
07:01 - Path: /posts, Status Code: 404, Message: Page not found.
07:02 - Path: /posts, Status Code: 404, Message: Page not found.
07:04 - Path: /posts, Status Code: 404, Message: Page not found.
07:04 - Path: /posts, Status Code: 404, Message: Page not found.
07:04 - Path: /posts, Status Code: 404, Message: Page not found.
07:04 - Path: /posts, Status Code: 404, Message: Page not found.
07:04 - Path: /posts, Status Code: 404, Message: Page not found.
07:04 - Path: /posts, Status Code: 404, Message: Page not found.
07:04 - Path: /posts, Status Code: 404, Message: Page not found.
07:04 - Path: /posts, Status Code: 404, Message: Page not found.
07:05 - Path: /auth/sign-up, Status Code: 401, Message: User already registered
07:27 - Path: /posts, Status Code: 400, Message: {"message":"Bad fields","fields":[{"path":["bizName"],"message":"\"bizName\" is required"},{"path":["bizDescription"],"message":"\"bizDescription\" is required"},{"path":["bizAddress"],"message":"\"bizAddress\" is required"},{"path":["bizPhone"],"message":"\"bizPhone\" is required"},{"path":["title"],"message":"\"title\" is not allowed"},{"path":["description"],"message":"\"description\" is not allowed"}]}
07:30 - Path: /posts, Status Code: 500, Message: dbError: generateBizNumber is not defined 
07:30 - Path: /posts, Status Code: 500, Message: dbError: generateBizNumber is not defined 
07:31 - Path: /posts, Status Code: 500, Message: dbError: generateBizNumber is not defined 
07:32 - Path: /posts, Status Code: 500, Message: dbError: generateBizNumber is not defined 
07:33 - Path: /posts, Status Code: 500, Message: dbError: Post.save is not a function 
