00:09 - Path: /posts, Status Code: 401, Message: Unauthorized
00:09 - Path: /posts, Status Code: 401, Message: Unauthorized
00:09 - Path: /posts, Status Code: 401, Message: Unauthorized
00:09 - Path: /posts, Status Code: 401, Message: Unauthorized
00:09 - Path: /posts, Status Code: 401, Message: Unauthorized
00:09 - Path: /posts, Status Code: 401, Message: Unauthorized
00:09 - Path: /posts, Status Code: 401, Message: Unauthorized
00:10 - Path: /posts, Status Code: 401, Message: Unauthorized
00:10 - Path: /posts, Status Code: 401, Message: Unauthorized
00:11 - Path: /posts, Status Code: 401, Message: Unauthorized
00:11 - Path: /posts, Status Code: 401, Message: Unauthorized
00:12 - Path: /posts, Status Code: 401, Message: Unauthorized
00:12 - Path: /posts, Status Code: 401, Message: Unauthorized
00:12 - Path: /posts, Status Code: 401, Message: Unauthorized
00:12 - Path: /posts, Status Code: 401, Message: Unauthorized
00:13 - Path: /posts, Status Code: 401, Message: Unauthorized
00:13 - Path: /posts, Status Code: 401, Message: Unauthorized
00:13 - Path: /posts, Status Code: 401, Message: Unauthorized
00:13 - Path: /posts, Status Code: 401, Message: Unauthorized
00:13 - Path: /posts, Status Code: 401, Message: Unauthorized
00:13 - Path: /posts, Status Code: 401, Message: Unauthorized
00:15 - Path: /auth/sign-in, Status Code: 401, Message: Invalid email or password
00:15 - Path: /auth/sign-in, Status Code: 401, Message: Invalid email or password
00:15 - Path: /auth/sign-in, Status Code: 401, Message: Invalid email or password
00:15 - Path: /auth/sign-in, Status Code: 401, Message: Invalid email or password
00:15 - Path: /auth/sign-in, Status Code: 401, Message: Invalid email or password
00:15 - Path: /auth/sign-in, Status Code: 401, Message: Invalid email or password
00:15 - Path: /auth/sign-in, Status Code: 401, Message: Invalid email or password
00:15 - Path: /auth/sign-in, Status Code: 401, Message: Invalid email or password
00:15 - Path: /auth/sign-in, Status Code: 401, Message: Invalid email or password
00:16 - Path: /auth/sign-in, Status Code: 401, Message: Invalid email or password0
00:16 - Path: /auth/sign-in, Status Code: 401, Message: Invalid email or password1
00:16 - Path: /auth/sign-in, Status Code: 401, Message: Invalid email or password2
00:18 - Path: /auth/sign-in, Status Code: 401, Message: Invalid email or password0
00:18 - Path: /auth/sign-in, Status Code: 401, Message: Invalid email or password1
00:18 - Path: /auth/sign-in, Status Code: 401, Message: Invalid email or password2
00:22 - Path: /auth/sign-in, Status Code: 403, Message: The account is blocked for another 24 hours
00:22 - Path: /auth/sign-in, Status Code: 401, Message: The account is blocked for another 24 hours
00:23 - Path: /auth/sign-in, Status Code: 401, Message: The account is blocked for another 24 hours
00:51 - Path: /posts/65550d12a409e6630b7011a0, Status Code: 401, Message: Unauthorized
00:52 - Path: /posts/65550d12a409e6630b7011a0, Status Code: 401, Message: Unauthorized
01:00 - Path: /posts/65550d12a409e6630b7011a0, Status Code: 404, Message: The post with the given ID was not found
01:01 - Path: /posts/65554ddf2b3fa066c59e5cf8, Status Code: 404, Message: The post with the given ID was not found
01:02 - Path: /posts/65554dc82b3fa066c59e53c0, Status Code: 404, Message: The post with the given ID was not found
